
*** Running vivado
    with args -log led.vds -m64 -product Vivado -mode batch -messageDb vivado.pb -notrace -source led.tcl


ECHO is off.
ECHO is off.

****** Vivado v2023.1 (64-bit)
  **** SW Build 3865809 on Sun May  7 15:05:29 MDT 2023
  **** IP Build 3864474 on Sun May  7 20:36:21 MDT 2023
  **** SharedData Build 3865790 on Sun May 07 13:33:03 MDT 2023
    ** Copyright 1986-2022 Xilinx, Inc. All Rights Reserved.
    ** Copyright 2022-2023 Advanced Micro Devices, Inc. All Rights Reserved.

source led.tcl -notrace
Command: read_checkpoint -auto_incremental -incremental C:/Users/baris/metro/metro.srcs/utils_1/imports/synth_1/led.dcp
INFO: [Vivado 12-5825] Read reference checkpoint from C:/Users/baris/metro/metro.srcs/utils_1/imports/synth_1/led.dcp for incremental synthesis
INFO: [Vivado 12-7989] Please ensure there are no constraint changes
Command: synth_design -top led -part xc7a35tcpg236-1
Starting synth_design
Attempting to get a license for feature 'Synthesis' and/or device 'xc7a35t'
INFO: [Common 17-349] Got license for feature 'Synthesis' and/or device 'xc7a35t'
INFO: [Device 21-403] Loading part xc7a35tcpg236-1
INFO: [Designutils 20-5440] No compile time benefit to using incremental synthesis; A full resynthesis will be run
INFO: [Designutils 20-4379] Flow is switching to default flow due to incremental criteria not met. If you would like to alter this behaviour and have the flow terminate instead, please set the following parameter config_implementation {autoIncr.Synth.RejectBehavior Terminate}
INFO: [Synth 8-7079] Multithreading enabled for synth_design using a maximum of 2 processes.
INFO: [Synth 8-7078] Launching helper process for spawning children vivado processes
INFO: [Synth 8-7075] Helper process launched with PID 20784
---------------------------------------------------------------------------------
Starting RTL Elaboration : Time (s): cpu = 00:00:01 ; elapsed = 00:00:03 . Memory (MB): peak = 1272.664 ; gain = 411.262
---------------------------------------------------------------------------------
INFO: [Synth 8-6157] synthesizing module 'led' [C:/Users/baris/metro/metro.srcs/sources_1/new/led.v:23]
INFO: [Synth 8-6155] done synthesizing module 'led' (0#1) [C:/Users/baris/metro/metro.srcs/sources_1/new/led.v:23]
WARNING: [Synth 8-7129] Port clk in module led is either unconnected or has no load
WARNING: [Synth 8-7129] Port sw[13] in module led is either unconnected or has no load
WARNING: [Synth 8-7129] Port sw[12] in module led is either unconnected or has no load
WARNING: [Synth 8-7129] Port sw[11] in module led is either unconnected or has no load
WARNING: [Synth 8-7129] Port sw[10] in module led is either unconnected or has no load
WARNING: [Synth 8-7129] Port sw[9] in module led is either unconnected or has no load
WARNING: [Synth 8-7129] Port sw[8] in module led is either unconnected or has no load
WARNING: [Synth 8-7129] Port sw[7] in module led is either unconnected or has no load
WARNING: [Synth 8-7129] Port sw[6] in module led is either unconnected or has no load
---------------------------------------------------------------------------------
Finished RTL Elaboration : Time (s): cpu = 00:00:02 ; elapsed = 00:00:04 . Memory (MB): peak = 1362.898 ; gain = 501.496
---------------------------------------------------------------------------------
---------------------------------------------------------------------------------
Start Handling Custom Attributes
---------------------------------------------------------------------------------
---------------------------------------------------------------------------------
Finished Handling Custom Attributes : Time (s): cpu = 00:00:02 ; elapsed = 00:00:04 . Memory (MB): peak = 1362.898 ; gain = 501.496
---------------------------------------------------------------------------------
---------------------------------------------------------------------------------
Finished RTL Optimization Phase 1 : Time (s): cpu = 00:00:02 ; elapsed = 00:00:04 . Memory (MB): peak = 1362.898 ; gain = 501.496
---------------------------------------------------------------------------------
Netlist sorting complete. Time (s): cpu = 00:00:00 ; elapsed = 00:00:00.001 . Memory (MB): peak = 1362.898 ; gain = 0.000
INFO: [Project 1-570] Preparing netlist for logic optimization

Processing XDC Constraints
Initializing timing engine
Parsing XDC File [C:/Users/baris/metro/metro.srcs/constrs_1/new/basys3.xdc]
Finished Parsing XDC File [C:/Users/baris/metro/metro.srcs/constrs_1/new/basys3.xdc]
INFO: [Project 1-236] Implementation specific constraints were found while reading constraint file [C:/Users/baris/metro/metro.srcs/constrs_1/new/basys3.xdc]. These constraints will be ignored for synthesis but will be used in implementation. Impacted constraints are listed in the file [.Xil/led_propImpl.xdc].
Resolution: To avoid this warning, move constraints listed in [.Xil/led_propImpl.xdc] to another XDC file and exclude this new file from synthesis with the used_in_synthesis property (File Properties dialog in GUI) and re-run elaboration/synthesis.
Completed Processing XDC Constraints

Netlist sorting complete. Time (s): cpu = 00:00:00 ; elapsed = 00:00:00 . Memory (MB): peak = 1446.676 ; gain = 0.000
INFO: [Project 1-111] Unisim Transformation Summary:
No Unisim elements were transformed.

Constraint Validation Runtime : Time (s): cpu = 00:00:00 ; elapsed = 00:00:00.001 . Memory (MB): peak = 1446.676 ; gain = 0.000
INFO: [Designutils 20-5440] No compile time benefit to using incremental synthesis; A full resynthesis will be run
INFO: [Designutils 20-4379] Flow is switching to default flow due to incremental criteria not met. If you would like to alter this behaviour and have the flow terminate instead, please set the following parameter config_implementation {autoIncr.Synth.RejectBehavior Terminate}
---------------------------------------------------------------------------------
Finished Constraint Validation : Time (s): cpu = 00:00:04 ; elapsed = 00:00:09 . Memory (MB): peak = 1446.676 ; gain = 585.273
---------------------------------------------------------------------------------
---------------------------------------------------------------------------------
Start Loading Part and Timing Information
---------------------------------------------------------------------------------
Loading part: xc7a35tcpg236-1
---------------------------------------------------------------------------------
Finished Loading Part and Timing Information : Time (s): cpu = 00:00:04 ; elapsed = 00:00:09 . Memory (MB): peak = 1446.676 ; gain = 585.273
---------------------------------------------------------------------------------
---------------------------------------------------------------------------------
Start Applying 'set_property' XDC Constraints
---------------------------------------------------------------------------------
---------------------------------------------------------------------------------
Finished applying 'set_property' XDC Constraints : Time (s): cpu = 00:00:04 ; elapsed = 00:00:09 . Memory (MB): peak = 1446.676 ; gain = 585.273
---------------------------------------------------------------------------------
WARNING: [Synth 8-327] inferring latch for variable 'led_reg' [C:/Users/baris/metro/metro.srcs/sources_1/new/led.v:114]
WARNING: [Synth 8-327] inferring latch for variable 'led_reg' [C:/Users/baris/metro/metro.srcs/sources_1/new/led.v:54]
WARNING: [Synth 8-327] inferring latch for variable 'yon_reg' [C:/Users/baris/metro/metro.srcs/sources_1/new/led.v:115]
WARNING: [Synth 8-327] inferring latch for variable 'yon_reg' [C:/Users/baris/metro/metro.srcs/sources_1/new/led.v:52]
---------------------------------------------------------------------------------
Finished RTL Optimization Phase 2 : Time (s): cpu = 00:00:04 ; elapsed = 00:00:09 . Memory (MB): peak = 1446.676 ; gain = 585.273
---------------------------------------------------------------------------------
---------------------------------------------------------------------------------
Start RTL Component Statistics 
---------------------------------------------------------------------------------
Detailed RTL Component Info : 
+---Muxes : 
	   2 Input   16 Bit        Muxes := 3     
	   2 Input   13 Bit        Muxes := 1     
	   2 Input   10 Bit        Muxes := 1     
	   2 Input    7 Bit        Muxes := 1     
	   2 Input    4 Bit        Muxes := 1     
---------------------------------------------------------------------------------
Finished RTL Component Statistics 
---------------------------------------------------------------------------------
---------------------------------------------------------------------------------
Start Part Resource Summary
---------------------------------------------------------------------------------
Part Resources:
DSPs: 90 (col length:60)
BRAMs: 100 (col length: RAMB18 60 RAMB36 30)
---------------------------------------------------------------------------------
Finished Part Resource Summary
---------------------------------------------------------------------------------
---------------------------------------------------------------------------------
Start Cross Boundary and Area Optimization
---------------------------------------------------------------------------------
WARNING: [Synth 8-7080] Parallel synthesis criteria is not met
WARNING: [Synth 8-7129] Port clk in module led is either unconnected or has no load
WARNING: [Synth 8-7129] Port sw[13] in module led is either unconnected or has no load
WARNING: [Synth 8-7129] Port sw[12] in module led is either unconnected or has no load
WARNING: [Synth 8-7129] Port sw[11] in module led is either unconnected or has no load
WARNING: [Synth 8-7129] Port sw[10] in module led is either unconnected or has no load
WARNING: [Synth 8-7129] Port sw[9] in module led is either unconnected or has no load
WARNING: [Synth 8-7129] Port sw[8] in module led is either unconnected or has no load
WARNING: [Synth 8-7129] Port sw[7] in module led is either unconnected or has no load
WARNING: [Synth 8-7129] Port sw[6] in module led is either unconnected or has no load
---------------------------------------------------------------------------------
Finished Cross Boundary and Area Optimization : Time (s): cpu = 00:00:04 ; elapsed = 00:00:10 . Memory (MB): peak = 1446.676 ; gain = 585.273
---------------------------------------------------------------------------------
---------------------------------------------------------------------------------
Start Applying XDC Timing Constraints
---------------------------------------------------------------------------------
---------------------------------------------------------------------------------
Finished Applying XDC Timing Constraints : Time (s): cpu = 00:00:05 ; elapsed = 00:00:13 . Memory (MB): peak = 1446.676 ; gain = 585.273
---------------------------------------------------------------------------------
---------------------------------------------------------------------------------
Start Timing Optimization
---------------------------------------------------------------------------------
---------------------------------------------------------------------------------
Finished Timing Optimization : Time (s): cpu = 00:00:05 ; elapsed = 00:00:13 . Memory (MB): peak = 1446.676 ; gain = 585.273
---------------------------------------------------------------------------------
---------------------------------------------------------------------------------
Start Technology Mapping
---------------------------------------------------------------------------------
---------------------------------------------------------------------------------
Finished Technology Mapping : Time (s): cpu = 00:00:05 ; elapsed = 00:00:13 . Memory (MB): peak = 1446.676 ; gain = 585.273
---------------------------------------------------------------------------------
---------------------------------------------------------------------------------
Start IO Insertion
---------------------------------------------------------------------------------
---------------------------------------------------------------------------------
Start Flattening Before IO Insertion
---------------------------------------------------------------------------------
---------------------------------------------------------------------------------
Finished Flattening Before IO Insertion
---------------------------------------------------------------------------------
---------------------------------------------------------------------------------
Start Final Netlist Cleanup
---------------------------------------------------------------------------------
---------------------------------------------------------------------------------
Finished Final Netlist Cleanup
---------------------------------------------------------------------------------
---------------------------------------------------------------------------------
Finished IO Insertion : Time (s): cpu = 00:00:06 ; elapsed = 00:00:16 . Memory (MB): peak = 1446.676 ; gain = 585.273
---------------------------------------------------------------------------------
---------------------------------------------------------------------------------
Start Renaming Generated Instances
---------------------------------------------------------------------------------
---------------------------------------------------------------------------------
Finished Renaming Generated Instances : Time (s): cpu = 00:00:06 ; elapsed = 00:00:16 . Memory (MB): peak = 1446.676 ; gain = 585.273
---------------------------------------------------------------------------------
CRITICAL WARNING: [Synth 8-6859] multi-driven net on pin led_OBUF[15] with 1st driver pin 'led_reg[15]__0/Q' [C:/Users/baris/metro/metro.srcs/sources_1/new/led.v:54]
CRITICAL WARNING: [Synth 8-6859] multi-driven net on pin led_OBUF[15] with 2nd driver pin 'led_reg[15]/Q' [C:/Users/baris/metro/metro.srcs/sources_1/new/led.v:114]
CRITICAL WARNING: [Synth 8-6859] multi-driven net on pin led_OBUF[14] with 1st driver pin 'led_reg[14]__0/Q' [C:/Users/baris/metro/metro.srcs/sources_1/new/led.v:54]
CRITICAL WARNING: [Synth 8-6859] multi-driven net on pin led_OBUF[14] with 2nd driver pin 'led_reg[14]/Q' [C:/Users/baris/metro/metro.srcs/sources_1/new/led.v:114]
CRITICAL WARNING: [Synth 8-6859] multi-driven net on pin led_OBUF[13] with 1st driver pin 'led_reg[13]__0/Q' [C:/Users/baris/metro/metro.srcs/sources_1/new/led.v:54]
CRITICAL WARNING: [Synth 8-6859] multi-driven net on pin led_OBUF[13] with 2nd driver pin 'led_reg[13]/Q' [C:/Users/baris/metro/metro.srcs/sources_1/new/led.v:114]
CRITICAL WARNING: [Synth 8-6859] multi-driven net on pin led_OBUF[12] with 1st driver pin 'led_reg[12]__0/Q' [C:/Users/baris/metro/metro.srcs/sources_1/new/led.v:54]
CRITICAL WARNING: [Synth 8-6859] multi-driven net on pin led_OBUF[12] with 2nd driver pin 'led_reg[12]/Q' [C:/Users/baris/metro/metro.srcs/sources_1/new/led.v:114]
CRITICAL WARNING: [Synth 8-6859] multi-driven net on pin led_OBUF[11] with 1st driver pin 'led_reg[11]__0/Q' [C:/Users/baris/metro/metro.srcs/sources_1/new/led.v:54]
CRITICAL WARNING: [Synth 8-6859] multi-driven net on pin led_OBUF[11] with 2nd driver pin 'led_reg[11]/Q' [C:/Users/baris/metro/metro.srcs/sources_1/new/led.v:114]
CRITICAL WARNING: [Synth 8-6859] multi-driven net on pin led_OBUF[10] with 1st driver pin 'led_reg[10]__0/Q' [C:/Users/baris/metro/metro.srcs/sources_1/new/led.v:54]
CRITICAL WARNING: [Synth 8-6859] multi-driven net on pin led_OBUF[10] with 2nd driver pin 'led_reg[10]/Q' [C:/Users/baris/metro/metro.srcs/sources_1/new/led.v:114]
CRITICAL WARNING: [Synth 8-6859] multi-driven net on pin led_OBUF[9] with 1st driver pin 'led_reg[9]__0/Q' [C:/Users/baris/metro/metro.srcs/sources_1/new/led.v:54]
CRITICAL WARNING: [Synth 8-6859] multi-driven net on pin led_OBUF[9] with 2nd driver pin 'led_reg[9]/Q' [C:/Users/baris/metro/metro.srcs/sources_1/new/led.v:114]
CRITICAL WARNING: [Synth 8-6859] multi-driven net on pin led_OBUF[8] with 1st driver pin 'led_reg[8]__0/Q' [C:/Users/baris/metro/metro.srcs/sources_1/new/led.v:54]
CRITICAL WARNING: [Synth 8-6859] multi-driven net on pin led_OBUF[8] with 2nd driver pin 'led_reg[8]/Q' [C:/Users/baris/metro/metro.srcs/sources_1/new/led.v:114]
CRITICAL WARNING: [Synth 8-6859] multi-driven net on pin led_OBUF[7] with 1st driver pin 'led_reg[7]__0/Q' [C:/Users/baris/metro/metro.srcs/sources_1/new/led.v:54]
CRITICAL WARNING: [Synth 8-6859] multi-driven net on pin led_OBUF[7] with 2nd driver pin 'led_reg[7]/Q' [C:/Users/baris/metro/metro.srcs/sources_1/new/led.v:114]
CRITICAL WARNING: [Synth 8-6859] multi-driven net on pin led_OBUF[6] with 1st driver pin 'led_reg[6]__0/Q' [C:/Users/baris/metro/metro.srcs/sources_1/new/led.v:54]
CRITICAL WARNING: [Synth 8-6859] multi-driven net on pin led_OBUF[6] with 2nd driver pin 'led_reg[6]/Q' [C:/Users/baris/metro/metro.srcs/sources_1/new/led.v:114]
CRITICAL WARNING: [Synth 8-6859] multi-driven net on pin led_OBUF[5] with 1st driver pin 'led_reg[5]__0/Q' [C:/Users/baris/metro/metro.srcs/sources_1/new/led.v:54]
CRITICAL WARNING: [Synth 8-6859] multi-driven net on pin led_OBUF[5] with 2nd driver pin 'led_reg[5]/Q' [C:/Users/baris/metro/metro.srcs/sources_1/new/led.v:114]
CRITICAL WARNING: [Synth 8-6859] multi-driven net on pin led_OBUF[4] with 1st driver pin 'led_reg[4]__0/Q' [C:/Users/baris/metro/metro.srcs/sources_1/new/led.v:54]
CRITICAL WARNING: [Synth 8-6859] multi-driven net on pin led_OBUF[4] with 2nd driver pin 'led_reg[4]/Q' [C:/Users/baris/metro/metro.srcs/sources_1/new/led.v:114]
CRITICAL WARNING: [Synth 8-6859] multi-driven net on pin led_OBUF[3] with 1st driver pin 'led_reg[3]__0/Q' [C:/Users/baris/metro/metro.srcs/sources_1/new/led.v:54]
CRITICAL WARNING: [Synth 8-6859] multi-driven net on pin led_OBUF[3] with 2nd driver pin 'led_reg[3]/Q' [C:/Users/baris/metro/metro.srcs/sources_1/new/led.v:114]
CRITICAL WARNING: [Synth 8-6859] multi-driven net on pin led_OBUF[2] with 1st driver pin 'led_reg[2]__0/Q' [C:/Users/baris/metro/metro.srcs/sources_1/new/led.v:54]
CRITICAL WARNING: [Synth 8-6859] multi-driven net on pin led_OBUF[2] with 2nd driver pin 'led_reg[2]/Q' [C:/Users/baris/metro/metro.srcs/sources_1/new/led.v:114]
CRITICAL WARNING: [Synth 8-6859] multi-driven net on pin led_OBUF[1] with 1st driver pin 'led_reg[1]__0/Q' [C:/Users/baris/metro/metro.srcs/sources_1/new/led.v:54]
CRITICAL WARNING: [Synth 8-6859] multi-driven net on pin led_OBUF[1] with 2nd driver pin 'led_reg[1]/Q' [C:/Users/baris/metro/metro.srcs/sources_1/new/led.v:114]
CRITICAL WARNING: [Synth 8-6859] multi-driven net on pin led_OBUF[0] with 1st driver pin 'led_reg[0]__0/Q' [C:/Users/baris/metro/metro.srcs/sources_1/new/led.v:54]
CRITICAL WARNING: [Synth 8-6859] multi-driven net on pin led_OBUF[0] with 2nd driver pin 'led_reg[0]/Q' [C:/Users/baris/metro/metro.srcs/sources_1/new/led.v:114]
CRITICAL WARNING: [Synth 8-6859] multi-driven net on pin yon with 1st driver pin 'yon_reg__0/Q' [C:/Users/baris/metro/metro.srcs/sources_1/new/led.v:52]
CRITICAL WARNING: [Synth 8-6859] multi-driven net on pin yon with 2nd driver pin 'yon_reg/Q' [C:/Users/baris/metro/metro.srcs/sources_1/new/led.v:115]

Report Check Netlist: 
+------+------------------+-------+---------+-------+------------------+
|      |Item              |Errors |Warnings |Status |Description       |
+------+------------------+-------+---------+-------+------------------+
|1     |multi_driven_nets |      0|       17|Failed |Multi driven nets |
+------+------------------+-------+---------+-------+------------------+
---------------------------------------------------------------------------------
Start Rebuilding User Hierarchy
---------------------------------------------------------------------------------
---------------------------------------------------------------------------------
Finished Rebuilding User Hierarchy : Time (s): cpu = 00:00:06 ; elapsed = 00:00:16 . Memory (MB): peak = 1446.676 ; gain = 585.273
---------------------------------------------------------------------------------
---------------------------------------------------------------------------------
Start Renaming Generated Ports
---------------------------------------------------------------------------------
---------------------------------------------------------------------------------
Finished Renaming Generated Ports : Time (s): cpu = 00:00:06 ; elapsed = 00:00:16 . Memory (MB): peak = 1446.676 ; gain = 585.273
---------------------------------------------------------------------------------
---------------------------------------------------------------------------------
Start Handling Custom Attributes
---------------------------------------------------------------------------------
---------------------------------------------------------------------------------
Finished Handling Custom Attributes : Time (s): cpu = 00:00:06 ; elapsed = 00:00:16 . Memory (MB): peak = 1446.676 ; gain = 585.273
---------------------------------------------------------------------------------
---------------------------------------------------------------------------------
Start Renaming Generated Nets
---------------------------------------------------------------------------------
---------------------------------------------------------------------------------
Finished Renaming Generated Nets : Time (s): cpu = 00:00:06 ; elapsed = 00:00:16 . Memory (MB): peak = 1446.676 ; gain = 585.273
---------------------------------------------------------------------------------
---------------------------------------------------------------------------------
Start Writing Synthesis Report
---------------------------------------------------------------------------------

Report BlackBoxes: 
+-+--------------+----------+
| |BlackBox name |Instances |
+-+--------------+----------+
+-+--------------+----------+

Report Cell Usage: 
+------+-----+------+
|      |Cell |Count |
+------+-----+------+
|1     |BUFG |     1|
|2     |LUT1 |     3|
|3     |LUT2 |     4|
|4     |LUT3 |    15|
|5     |LUT4 |     1|
|6     |LUT5 |     2|
|7     |LUT6 |     3|
|8     |LD   |    34|
|9     |IBUF |     8|
|10    |OBUF |    16|
+------+-----+------+
---------------------------------------------------------------------------------
Finished Writing Synthesis Report : Time (s): cpu = 00:00:06 ; elapsed = 00:00:16 . Memory (MB): peak = 1446.676 ; gain = 585.273
---------------------------------------------------------------------------------
Synthesis finished with 0 errors, 34 critical warnings and 14 warnings.
Synthesis Optimization Runtime : Time (s): cpu = 00:00:05 ; elapsed = 00:00:15 . Memory (MB): peak = 1446.676 ; gain = 501.496
Synthesis Optimization Complete : Time (s): cpu = 00:00:07 ; elapsed = 00:00:16 . Memory (MB): peak = 1446.676 ; gain = 585.273
INFO: [Project 1-571] Translating synthesized netlist
Netlist sorting complete. Time (s): cpu = 00:00:00 ; elapsed = 00:00:00.001 . Memory (MB): peak = 1446.676 ; gain = 0.000
INFO: [Netlist 29-17] Analyzing 34 Unisim elements for replacement
INFO: [Netlist 29-28] Unisim Transformation completed in 0 CPU seconds
INFO: [Project 1-570] Preparing netlist for logic optimization
INFO: [Opt 31-138] Pushed 1 inverter(s) to 1 load pin(s).
Netlist sorting complete. Time (s): cpu = 00:00:00 ; elapsed = 00:00:00 . Memory (MB): peak = 1446.676 ; gain = 0.000
INFO: [Project 1-111] Unisim Transformation Summary:
  A total of 34 instances were transformed.
  LD => LDCE: 33 instances
  LD => LDCE (inverted pins: G): 1 instance 

Synth Design complete | Checksum: f91f6f2e
INFO: [Common 17-83] Releasing license: Synthesis
23 Infos, 23 Warnings, 34 Critical Warnings and 0 Errors encountered.
synth_design completed successfully
synth_design: Time (s): cpu = 00:00:07 ; elapsed = 00:00:19 . Memory (MB): peak = 1446.676 ; gain = 966.113
INFO: [runtcl-6] Synthesis results are not added to the cache due to CRITICAL_WARNING
INFO: [Common 17-1381] The checkpoint 'C:/Users/baris/metro/metro.runs/synth_1/led.dcp' has been generated.
INFO: [runtcl-4] Executing : report_utilization -file led_utilization_synth.rpt -pb led_utilization_synth.pb
INFO: [Common 17-206] Exiting Vivado at Wed Aug  2 00:37:40 2023...
